{"C:\\Users\\DEEPAK\\Desktop\\Safar_Travels\\backend\\index.js": {"path":"C:\\Users\\DEEPAK\\Desktop\\Safar_Travels\\backend\\index.js","statementMap":{"0":{"start":{"line":1,"column":0},"end":{"line":1,"column":27}},"1":{"start":{"line":2,"column":16},"end":{"line":2,"column":34}},"2":{"start":{"line":3,"column":12},"end":{"line":3,"column":21}},"3":{"start":{"line":4,"column":11},"end":{"line":4,"column":33}},"4":{"start":{"line":6,"column":14},"end":{"line":6,"column":40}},"5":{"start":{"line":7,"column":13},"end":{"line":7,"column":38}},"6":{"start":{"line":13,"column":0},"end":{"line":13,"column":24}},"7":{"start":{"line":17,"column":0},"end":{"line":17,"column":30}},"8":{"start":{"line":18,"column":0},"end":{"line":18,"column":28}},"9":{"start":{"line":22,"column":0},"end":{"line":26,"column":3}},"10":{"start":{"line":23,"column":4},"end":{"line":23,"column":21}},"11":{"start":{"line":24,"column":4},"end":{"line":24,"column":42}},"12":{"start":{"line":25,"column":4},"end":{"line":25,"column":63}},"13":{"start":{"line":28,"column":13},"end":{"line":28,"column":37}},"14":{"start":{"line":34,"column":0},"end":{"line":34,"column":21}}},"fnMap":{"0":{"name":"(anonymous_0)","decl":{"start":{"line":22,"column":8},"end":{"line":22,"column":9}},"loc":{"start":{"line":22,"column":33},"end":{"line":26,"column":1}},"line":22}},"branchMap":{"0":{"loc":{"start":{"line":28,"column":13},"end":{"line":28,"column":37}},"type":"binary-expr","locations":[{"start":{"line":28,"column":13},"end":{"line":28,"column":29}},{"start":{"line":28,"column":33},"end":{"line":28,"column":37}}],"line":28}},"s":{"0":2,"1":2,"2":2,"3":2,"4":2,"5":2,"6":2,"7":2,"8":2,"9":2,"10":0,"11":0,"12":0,"13":2,"14":2},"f":{"0":0},"b":{"0":[2,0]},"_coverageSchema":"1a1c01bbd47fc00a2c39e90264f33305004495a9","hash":"35baee93e817d4464dc995ebc472c6e2c42e312b"}
,"C:\\Users\\DEEPAK\\Desktop\\Safar_Travels\\backend\\Config\\InMemorydb.js": {"path":"C:\\Users\\DEEPAK\\Desktop\\Safar_Travels\\backend\\Config\\InMemorydb.js","statementMap":{"0":{"start":{"line":1,"column":17},"end":{"line":1,"column":36}},"1":{"start":{"line":2,"column":30},"end":{"line":2,"column":62}},"2":{"start":{"line":3,"column":15},"end":{"line":3,"column":38}},"3":{"start":{"line":7,"column":16},"end":{"line":24,"column":1}},"4":{"start":{"line":8,"column":4},"end":{"line":23,"column":5}},"5":{"start":{"line":10,"column":20},"end":{"line":10,"column":41}},"6":{"start":{"line":12,"column":29},"end":{"line":17,"column":9}},"7":{"start":{"line":18,"column":8},"end":{"line":18,"column":50}},"8":{"start":{"line":19,"column":8},"end":{"line":19,"column":56}},"9":{"start":{"line":21,"column":8},"end":{"line":21,"column":28}},"10":{"start":{"line":22,"column":8},"end":{"line":22,"column":25}},"11":{"start":{"line":31,"column":22},"end":{"line":35,"column":1}},"12":{"start":{"line":32,"column":4},"end":{"line":32,"column":45}},"13":{"start":{"line":33,"column":4},"end":{"line":33,"column":38}},"14":{"start":{"line":34,"column":4},"end":{"line":34,"column":24}},"15":{"start":{"line":40,"column":22},"end":{"line":46,"column":1}},"16":{"start":{"line":41,"column":24},"end":{"line":41,"column":55}},"17":{"start":{"line":42,"column":4},"end":{"line":45,"column":5}},"18":{"start":{"line":43,"column":27},"end":{"line":43,"column":43}},"19":{"start":{"line":44,"column":8},"end":{"line":44,"column":38}},"20":{"start":{"line":49,"column":0},"end":{"line":49,"column":59}}},"fnMap":{"0":{"name":"(anonymous_0)","decl":{"start":{"line":7,"column":16},"end":{"line":7,"column":17}},"loc":{"start":{"line":7,"column":27},"end":{"line":24,"column":1}},"line":7},"1":{"name":"(anonymous_1)","decl":{"start":{"line":31,"column":22},"end":{"line":31,"column":23}},"loc":{"start":{"line":31,"column":33},"end":{"line":35,"column":1}},"line":31},"2":{"name":"(anonymous_2)","decl":{"start":{"line":40,"column":22},"end":{"line":40,"column":23}},"loc":{"start":{"line":40,"column":33},"end":{"line":46,"column":1}},"line":40}},"branchMap":{},"s":{"0":2,"1":2,"2":2,"3":2,"4":3,"5":3,"6":3,"7":3,"8":3,"9":0,"10":0,"11":2,"12":3,"13":3,"14":3,"15":2,"16":0,"17":0,"18":0,"19":0,"20":2},"f":{"0":3,"1":3,"2":0},"b":{},"_coverageSchema":"1a1c01bbd47fc00a2c39e90264f33305004495a9","hash":"08b75bc4ee2ea98867dd031f43feda8d3932a7c8"}
,"C:\\Users\\DEEPAK\\Desktop\\Safar_Travels\\backend\\Config\\db.js": {"path":"C:\\Users\\DEEPAK\\Desktop\\Safar_Travels\\backend\\Config\\db.js","statementMap":{"0":{"start":{"line":1,"column":0},"end":{"line":1,"column":27}},"1":{"start":{"line":2,"column":17},"end":{"line":2,"column":36}},"2":{"start":{"line":7,"column":15},"end":{"line":7,"column":40}},"3":{"start":{"line":8,"column":17},"end":{"line":8,"column":32}},"4":{"start":{"line":11,"column":0},"end":{"line":25,"column":2}},"5":{"start":{"line":12,"column":4},"end":{"line":23,"column":5}},"6":{"start":{"line":13,"column":8},"end":{"line":18,"column":11}},"7":{"start":{"line":19,"column":8},"end":{"line":19,"column":59}},"8":{"start":{"line":21,"column":8},"end":{"line":21,"column":35}},"9":{"start":{"line":22,"column":8},"end":{"line":22,"column":24}}},"fnMap":{"0":{"name":"(anonymous_0)","decl":{"start":{"line":11,"column":28},"end":{"line":11,"column":29}},"loc":{"start":{"line":11,"column":39},"end":{"line":25,"column":1}},"line":11}},"branchMap":{},"s":{"0":2,"1":2,"2":2,"3":2,"4":2,"5":0,"6":0,"7":0,"8":0,"9":0},"f":{"0":0},"b":{},"_coverageSchema":"1a1c01bbd47fc00a2c39e90264f33305004495a9","hash":"e966dc1fbb199c53743646c552b5a8eaee438dfd"}
,"C:\\Users\\DEEPAK\\Desktop\\Safar_Travels\\backend\\controller\\Admin.js": {"path":"C:\\Users\\DEEPAK\\Desktop\\Safar_Travels\\backend\\controller\\Admin.js","statementMap":{"0":{"start":{"line":1,"column":15},"end":{"line":1,"column":34}},"1":{"start":{"line":2,"column":12},"end":{"line":2,"column":35}},"2":{"start":{"line":3,"column":36},"end":{"line":3,"column":64}},"3":{"start":{"line":5,"column":13},"end":{"line":5,"column":38}},"4":{"start":{"line":10,"column":19},"end":{"line":20,"column":1}},"5":{"start":{"line":11,"column":19},"end":{"line":11,"column":44}},"6":{"start":{"line":12,"column":4},"end":{"line":19,"column":5}},"7":{"start":{"line":13,"column":8},"end":{"line":16,"column":10}},"8":{"start":{"line":18,"column":8},"end":{"line":18,"column":21}},"9":{"start":{"line":24,"column":17},"end":{"line":32,"column":1}},"10":{"start":{"line":26,"column":16},"end":{"line":26,"column":52}},"11":{"start":{"line":27,"column":4},"end":{"line":31,"column":5}},"12":{"start":{"line":28,"column":8},"end":{"line":28,"column":21}},"13":{"start":{"line":30,"column":8},"end":{"line":30,"column":21}},"14":{"start":{"line":36,"column":22},"end":{"line":39,"column":1}},"15":{"start":{"line":37,"column":18},"end":{"line":37,"column":43}},"16":{"start":{"line":38,"column":4},"end":{"line":38,"column":17}},"17":{"start":{"line":40,"column":22},"end":{"line":48,"column":1}},"18":{"start":{"line":41,"column":4},"end":{"line":47,"column":7}},"19":{"start":{"line":42,"column":8},"end":{"line":46,"column":9}},"20":{"start":{"line":43,"column":12},"end":{"line":43,"column":26}},"21":{"start":{"line":45,"column":12},"end":{"line":45,"column":23}},"22":{"start":{"line":52,"column":20},"end":{"line":102,"column":1}},"23":{"start":{"line":53,"column":19},"end":{"line":53,"column":40}},"24":{"start":{"line":54,"column":4},"end":{"line":57,"column":5}},"25":{"start":{"line":55,"column":8},"end":{"line":55,"column":37}},"26":{"start":{"line":56,"column":8},"end":{"line":56,"column":28}},"27":{"start":{"line":59,"column":38},"end":{"line":59,"column":46}},"28":{"start":{"line":64,"column":16},"end":{"line":64,"column":45}},"29":{"start":{"line":66,"column":4},"end":{"line":72,"column":5}},"30":{"start":{"line":68,"column":8},"end":{"line":71,"column":11}},"31":{"start":{"line":75,"column":4},"end":{"line":80,"column":7}},"32":{"start":{"line":81,"column":4},"end":{"line":81,"column":23}},"33":{"start":{"line":85,"column":17},"end":{"line":85,"column":41}},"34":{"start":{"line":86,"column":4},"end":{"line":86,"column":55}},"35":{"start":{"line":88,"column":4},"end":{"line":88,"column":23}},"36":{"start":{"line":93,"column":18},"end":{"line":96,"column":5}},"37":{"start":{"line":100,"column":18},"end":{"line":100,"column":46}},"38":{"start":{"line":101,"column":4},"end":{"line":101,"column":43}},"39":{"start":{"line":106,"column":19},"end":{"line":144,"column":1}},"40":{"start":{"line":107,"column":19},"end":{"line":107,"column":40}},"41":{"start":{"line":108,"column":4},"end":{"line":110,"column":5}},"42":{"start":{"line":109,"column":8},"end":{"line":109,"column":28}},"43":{"start":{"line":113,"column":18},"end":{"line":113,"column":48}},"44":{"start":{"line":115,"column":4},"end":{"line":120,"column":5}},"45":{"start":{"line":116,"column":8},"end":{"line":119,"column":11}},"46":{"start":{"line":124,"column":34},"end":{"line":124,"column":102}},"47":{"start":{"line":125,"column":4},"end":{"line":130,"column":5}},"48":{"start":{"line":126,"column":8},"end":{"line":129,"column":11}},"49":{"start":{"line":132,"column":18},"end":{"line":135,"column":5}},"50":{"start":{"line":140,"column":18},"end":{"line":140,"column":46}},"51":{"start":{"line":141,"column":4},"end":{"line":141,"column":43}},"52":{"start":{"line":151,"column":0},"end":{"line":151,"column":57}}},"fnMap":{"0":{"name":"(anonymous_0)","decl":{"start":{"line":10,"column":19},"end":{"line":10,"column":20}},"loc":{"start":{"line":10,"column":32},"end":{"line":20,"column":1}},"line":10},"1":{"name":"(anonymous_1)","decl":{"start":{"line":24,"column":17},"end":{"line":24,"column":18}},"loc":{"start":{"line":24,"column":33},"end":{"line":32,"column":1}},"line":24},"2":{"name":"(anonymous_2)","decl":{"start":{"line":36,"column":22},"end":{"line":36,"column":23}},"loc":{"start":{"line":36,"column":76},"end":{"line":39,"column":1}},"line":36},"3":{"name":"(anonymous_3)","decl":{"start":{"line":40,"column":22},"end":{"line":40,"column":23}},"loc":{"start":{"line":40,"column":59},"end":{"line":48,"column":1}},"line":40},"4":{"name":"(anonymous_4)","decl":{"start":{"line":41,"column":47},"end":{"line":41,"column":48}},"loc":{"start":{"line":41,"column":64},"end":{"line":47,"column":5}},"line":41},"5":{"name":"(anonymous_5)","decl":{"start":{"line":52,"column":20},"end":{"line":52,"column":21}},"loc":{"start":{"line":52,"column":45},"end":{"line":102,"column":1}},"line":52},"6":{"name":"(anonymous_6)","decl":{"start":{"line":106,"column":19},"end":{"line":106,"column":20}},"loc":{"start":{"line":106,"column":44},"end":{"line":144,"column":1}},"line":106}},"branchMap":{"0":{"loc":{"start":{"line":12,"column":4},"end":{"line":19,"column":5}},"type":"if","locations":[{"start":{"line":12,"column":4},"end":{"line":19,"column":5}},{"start":{"line":12,"column":4},"end":{"line":19,"column":5}}],"line":12},"1":{"loc":{"start":{"line":27,"column":4},"end":{"line":31,"column":5}},"type":"if","locations":[{"start":{"line":27,"column":4},"end":{"line":31,"column":5}},{"start":{"line":27,"column":4},"end":{"line":31,"column":5}}],"line":27},"2":{"loc":{"start":{"line":36,"column":40},"end":{"line":36,"column":74}},"type":"default-arg","locations":[{"start":{"line":36,"column":49},"end":{"line":36,"column":74}}],"line":36},"3":{"loc":{"start":{"line":42,"column":8},"end":{"line":46,"column":9}},"type":"if","locations":[{"start":{"line":42,"column":8},"end":{"line":46,"column":9}},{"start":{"line":42,"column":8},"end":{"line":46,"column":9}}],"line":42},"4":{"loc":{"start":{"line":54,"column":4},"end":{"line":57,"column":5}},"type":"if","locations":[{"start":{"line":54,"column":4},"end":{"line":57,"column":5}},{"start":{"line":54,"column":4},"end":{"line":57,"column":5}}],"line":54},"5":{"loc":{"start":{"line":66,"column":4},"end":{"line":72,"column":5}},"type":"if","locations":[{"start":{"line":66,"column":4},"end":{"line":72,"column":5}},{"start":{"line":66,"column":4},"end":{"line":72,"column":5}}],"line":66},"6":{"loc":{"start":{"line":108,"column":4},"end":{"line":110,"column":5}},"type":"if","locations":[{"start":{"line":108,"column":4},"end":{"line":110,"column":5}},{"start":{"line":108,"column":4},"end":{"line":110,"column":5}}],"line":108},"7":{"loc":{"start":{"line":115,"column":4},"end":{"line":120,"column":5}},"type":"if","locations":[{"start":{"line":115,"column":4},"end":{"line":120,"column":5}},{"start":{"line":115,"column":4},"end":{"line":120,"column":5}}],"line":115},"8":{"loc":{"start":{"line":125,"column":4},"end":{"line":130,"column":5}},"type":"if","locations":[{"start":{"line":125,"column":4},"end":{"line":130,"column":5}},{"start":{"line":125,"column":4},"end":{"line":130,"column":5}}],"line":125}},"s":{"0":2,"1":2,"2":2,"3":2,"4":2,"5":2,"6":2,"7":0,"8":2,"9":2,"10":0,"11":0,"12":0,"13":0,"14":2,"15":2,"16":2,"17":2,"18":0,"19":0,"20":0,"21":0,"22":2,"23":2,"24":2,"25":0,"26":0,"27":2,"28":2,"29":2,"30":0,"31":2,"32":2,"33":2,"34":2,"35":2,"36":2,"37":2,"38":2,"39":2,"40":0,"41":0,"42":0,"43":0,"44":0,"45":0,"46":0,"47":0,"48":0,"49":0,"50":0,"51":0,"52":2},"f":{"0":2,"1":0,"2":2,"3":0,"4":0,"5":2,"6":0},"b":{"0":[0,2],"1":[0,0],"2":[2],"3":[0,0],"4":[0,2],"5":[0,2],"6":[0,0],"7":[0,0],"8":[0,0]},"_coverageSchema":"1a1c01bbd47fc00a2c39e90264f33305004495a9","hash":"f3395eb96cee0349db76b1a33b783cd70ccf5305"}
,"C:\\Users\\DEEPAK\\Desktop\\Safar_Travels\\backend\\controller\\Agency.js": {"path":"C:\\Users\\DEEPAK\\Desktop\\Safar_Travels\\backend\\controller\\Agency.js","statementMap":{"0":{"start":{"line":1,"column":15},"end":{"line":1,"column":42}},"1":{"start":{"line":2,"column":23},"end":{"line":2,"column":41}},"2":{"start":{"line":7,"column":19},"end":{"line":19,"column":1}},"3":{"start":{"line":8,"column":19},"end":{"line":8,"column":65}},"4":{"start":{"line":9,"column":4},"end":{"line":9,"column":24}},"5":{"start":{"line":10,"column":4},"end":{"line":10,"column":33}},"6":{"start":{"line":11,"column":4},"end":{"line":18,"column":5}},"7":{"start":{"line":12,"column":8},"end":{"line":15,"column":10}},"8":{"start":{"line":17,"column":8},"end":{"line":17,"column":22}},"9":{"start":{"line":21,"column":18},"end":{"line":43,"column":1}},"10":{"start":{"line":22,"column":19},"end":{"line":22,"column":40}},"11":{"start":{"line":23,"column":4},"end":{"line":25,"column":5}},"12":{"start":{"line":24,"column":8},"end":{"line":24,"column":28}},"13":{"start":{"line":26,"column":54},"end":{"line":26,"column":62}},"14":{"start":{"line":28,"column":17},"end":{"line":28,"column":53}},"15":{"start":{"line":29,"column":4},"end":{"line":31,"column":5}},"16":{"start":{"line":30,"column":8},"end":{"line":30,"column":28}},"17":{"start":{"line":33,"column":4},"end":{"line":38,"column":7}},"18":{"start":{"line":40,"column":4},"end":{"line":40,"column":18}},"19":{"start":{"line":42,"column":4},"end":{"line":42,"column":55}},"20":{"start":{"line":47,"column":0},"end":{"line":47,"column":31}}},"fnMap":{"0":{"name":"(anonymous_0)","decl":{"start":{"line":7,"column":19},"end":{"line":7,"column":20}},"loc":{"start":{"line":7,"column":46},"end":{"line":19,"column":1}},"line":7},"1":{"name":"(anonymous_1)","decl":{"start":{"line":21,"column":18},"end":{"line":21,"column":19}},"loc":{"start":{"line":21,"column":43},"end":{"line":43,"column":1}},"line":21}},"branchMap":{"0":{"loc":{"start":{"line":11,"column":4},"end":{"line":18,"column":5}},"type":"if","locations":[{"start":{"line":11,"column":4},"end":{"line":18,"column":5}},{"start":{"line":11,"column":4},"end":{"line":18,"column":5}}],"line":11},"1":{"loc":{"start":{"line":23,"column":4},"end":{"line":25,"column":5}},"type":"if","locations":[{"start":{"line":23,"column":4},"end":{"line":25,"column":5}},{"start":{"line":23,"column":4},"end":{"line":25,"column":5}}],"line":23},"2":{"loc":{"start":{"line":29,"column":4},"end":{"line":31,"column":5}},"type":"if","locations":[{"start":{"line":29,"column":4},"end":{"line":31,"column":5}},{"start":{"line":29,"column":4},"end":{"line":31,"column":5}}],"line":29}},"s":{"0":2,"1":2,"2":2,"3":0,"4":0,"5":0,"6":0,"7":0,"8":0,"9":2,"10":0,"11":0,"12":0,"13":0,"14":0,"15":0,"16":0,"17":0,"18":0,"19":0,"20":2},"f":{"0":0,"1":0},"b":{"0":[0,0],"1":[0,0],"2":[0,0]},"_coverageSchema":"1a1c01bbd47fc00a2c39e90264f33305004495a9","hash":"aa1061b5fa7dd3d0ea78e9394d6cd8f3e10e90a0"}
,"C:\\Users\\DEEPAK\\Desktop\\Safar_Travels\\backend\\controller\\Bus.js": {"path":"C:\\Users\\DEEPAK\\Desktop\\Safar_Travels\\backend\\controller\\Bus.js","statementMap":{"0":{"start":{"line":1,"column":36},"end":{"line":1,"column":64}},"1":{"start":{"line":2,"column":12},"end":{"line":2,"column":36}},"2":{"start":{"line":3,"column":14},"end":{"line":3,"column":40}},"3":{"start":{"line":4,"column":18},"end":{"line":4,"column":47}},"4":{"start":{"line":6,"column":16},"end":{"line":16,"column":1}},"5":{"start":{"line":7,"column":16},"end":{"line":7,"column":64}},"6":{"start":{"line":8,"column":4},"end":{"line":15,"column":5}},"7":{"start":{"line":9,"column":8},"end":{"line":12,"column":10}},"8":{"start":{"line":14,"column":8},"end":{"line":14,"column":19}},"9":{"start":{"line":18,"column":19},"end":{"line":28,"column":1}},"10":{"start":{"line":19,"column":19},"end":{"line":19,"column":44}},"11":{"start":{"line":20,"column":4},"end":{"line":27,"column":5}},"12":{"start":{"line":21,"column":8},"end":{"line":24,"column":10}},"13":{"start":{"line":26,"column":8},"end":{"line":26,"column":21}},"14":{"start":{"line":32,"column":20},"end":{"line":45,"column":1}},"15":{"start":{"line":33,"column":16},"end":{"line":33,"column":18}},"16":{"start":{"line":34,"column":20},"end":{"line":34,"column":22}},"17":{"start":{"line":35,"column":4},"end":{"line":41,"column":5}},"18":{"start":{"line":35,"column":20},"end":{"line":35,"column":21}},"19":{"start":{"line":36,"column":8},"end":{"line":36,"column":23}},"20":{"start":{"line":37,"column":8},"end":{"line":39,"column":9}},"21":{"start":{"line":37,"column":24},"end":{"line":37,"column":25}},"22":{"start":{"line":38,"column":12},"end":{"line":38,"column":68}},"23":{"start":{"line":40,"column":8},"end":{"line":40,"column":20}},"24":{"start":{"line":43,"column":4},"end":{"line":43,"column":17}},"25":{"start":{"line":49,"column":17},"end":{"line":59,"column":1}},"26":{"start":{"line":50,"column":17},"end":{"line":50,"column":19}},"27":{"start":{"line":51,"column":4},"end":{"line":55,"column":7}},"28":{"start":{"line":52,"column":8},"end":{"line":54,"column":11}},"29":{"start":{"line":56,"column":19},"end":{"line":56,"column":57}},"30":{"start":{"line":57,"column":4},"end":{"line":57,"column":24}},"31":{"start":{"line":58,"column":4},"end":{"line":58,"column":18}},"32":{"start":{"line":64,"column":25},"end":{"line":73,"column":1}},"33":{"start":{"line":65,"column":25},"end":{"line":65,"column":85}},"34":{"start":{"line":66,"column":4},"end":{"line":71,"column":5}},"35":{"start":{"line":67,"column":8},"end":{"line":70,"column":11}},"36":{"start":{"line":72,"column":4},"end":{"line":72,"column":24}},"37":{"start":{"line":78,"column":32},"end":{"line":87,"column":1}},"38":{"start":{"line":79,"column":23},"end":{"line":79,"column":83}},"39":{"start":{"line":80,"column":4},"end":{"line":85,"column":5}},"40":{"start":{"line":81,"column":8},"end":{"line":84,"column":11}},"41":{"start":{"line":86,"column":4},"end":{"line":86,"column":22}},"42":{"start":{"line":92,"column":15},"end":{"line":183,"column":1}},"43":{"start":{"line":93,"column":19},"end":{"line":93,"column":40}},"44":{"start":{"line":94,"column":4},"end":{"line":96,"column":5}},"45":{"start":{"line":95,"column":8},"end":{"line":95,"column":28}},"46":{"start":{"line":112,"column":8},"end":{"line":112,"column":16}},"47":{"start":{"line":114,"column":14},"end":{"line":114,"column":43}},"48":{"start":{"line":116,"column":4},"end":{"line":118,"column":5}},"49":{"start":{"line":117,"column":8},"end":{"line":117,"column":25}},"50":{"start":{"line":121,"column":4},"end":{"line":130,"column":7}},"51":{"start":{"line":135,"column":16},"end":{"line":135,"column":40}},"52":{"start":{"line":139,"column":19},"end":{"line":139,"column":54}},"53":{"start":{"line":140,"column":4},"end":{"line":145,"column":5}},"54":{"start":{"line":141,"column":8},"end":{"line":144,"column":11}},"55":{"start":{"line":146,"column":4},"end":{"line":151,"column":5}},"56":{"start":{"line":147,"column":8},"end":{"line":150,"column":11}},"57":{"start":{"line":154,"column":23},"end":{"line":154,"column":62}},"58":{"start":{"line":155,"column":21},"end":{"line":155,"column":58}},"59":{"start":{"line":158,"column":4},"end":{"line":158,"column":30}},"60":{"start":{"line":159,"column":4},"end":{"line":159,"column":28}},"61":{"start":{"line":162,"column":4},"end":{"line":162,"column":22}},"62":{"start":{"line":163,"column":4},"end":{"line":163,"column":26}},"63":{"start":{"line":164,"column":4},"end":{"line":164,"column":28}},"64":{"start":{"line":165,"column":4},"end":{"line":165,"column":24}},"65":{"start":{"line":180,"column":4},"end":{"line":180,"column":15}},"66":{"start":{"line":181,"column":4},"end":{"line":181,"column":61}},"67":{"start":{"line":188,"column":18},"end":{"line":197,"column":1}},"68":{"start":{"line":189,"column":19},"end":{"line":189,"column":40}},"69":{"start":{"line":190,"column":4},"end":{"line":192,"column":5}},"70":{"start":{"line":191,"column":8},"end":{"line":191,"column":28}},"71":{"start":{"line":194,"column":48},"end":{"line":194,"column":57}},"72":{"start":{"line":198,"column":0},"end":{"line":198,"column":39}}},"fnMap":{"0":{"name":"(anonymous_0)","decl":{"start":{"line":6,"column":16},"end":{"line":6,"column":17}},"loc":{"start":{"line":6,"column":46},"end":{"line":16,"column":1}},"line":6},"1":{"name":"(anonymous_1)","decl":{"start":{"line":18,"column":19},"end":{"line":18,"column":20}},"loc":{"start":{"line":18,"column":32},"end":{"line":28,"column":1}},"line":18},"2":{"name":"(anonymous_2)","decl":{"start":{"line":32,"column":20},"end":{"line":32,"column":21}},"loc":{"start":{"line":32,"column":43},"end":{"line":45,"column":1}},"line":32},"3":{"name":"(anonymous_3)","decl":{"start":{"line":49,"column":17},"end":{"line":49,"column":18}},"loc":{"start":{"line":49,"column":53},"end":{"line":59,"column":1}},"line":49},"4":{"name":"(anonymous_4)","decl":{"start":{"line":51,"column":26},"end":{"line":51,"column":27}},"loc":{"start":{"line":51,"column":37},"end":{"line":55,"column":5}},"line":51},"5":{"name":"(anonymous_5)","decl":{"start":{"line":64,"column":25},"end":{"line":64,"column":26}},"loc":{"start":{"line":64,"column":59},"end":{"line":73,"column":1}},"line":64},"6":{"name":"(anonymous_6)","decl":{"start":{"line":78,"column":32},"end":{"line":78,"column":33}},"loc":{"start":{"line":78,"column":66},"end":{"line":87,"column":1}},"line":78},"7":{"name":"(anonymous_7)","decl":{"start":{"line":92,"column":15},"end":{"line":92,"column":16}},"loc":{"start":{"line":92,"column":40},"end":{"line":183,"column":1}},"line":92},"8":{"name":"(anonymous_8)","decl":{"start":{"line":188,"column":18},"end":{"line":188,"column":19}},"loc":{"start":{"line":188,"column":43},"end":{"line":197,"column":1}},"line":188}},"branchMap":{"0":{"loc":{"start":{"line":8,"column":4},"end":{"line":15,"column":5}},"type":"if","locations":[{"start":{"line":8,"column":4},"end":{"line":15,"column":5}},{"start":{"line":8,"column":4},"end":{"line":15,"column":5}}],"line":8},"1":{"loc":{"start":{"line":20,"column":4},"end":{"line":27,"column":5}},"type":"if","locations":[{"start":{"line":20,"column":4},"end":{"line":27,"column":5}},{"start":{"line":20,"column":4},"end":{"line":27,"column":5}}],"line":20},"2":{"loc":{"start":{"line":66,"column":4},"end":{"line":71,"column":5}},"type":"if","locations":[{"start":{"line":66,"column":4},"end":{"line":71,"column":5}},{"start":{"line":66,"column":4},"end":{"line":71,"column":5}}],"line":66},"3":{"loc":{"start":{"line":80,"column":4},"end":{"line":85,"column":5}},"type":"if","locations":[{"start":{"line":80,"column":4},"end":{"line":85,"column":5}},{"start":{"line":80,"column":4},"end":{"line":85,"column":5}}],"line":80},"4":{"loc":{"start":{"line":94,"column":4},"end":{"line":96,"column":5}},"type":"if","locations":[{"start":{"line":94,"column":4},"end":{"line":96,"column":5}},{"start":{"line":94,"column":4},"end":{"line":96,"column":5}}],"line":94},"5":{"loc":{"start":{"line":116,"column":4},"end":{"line":118,"column":5}},"type":"if","locations":[{"start":{"line":116,"column":4},"end":{"line":118,"column":5}},{"start":{"line":116,"column":4},"end":{"line":118,"column":5}}],"line":116},"6":{"loc":{"start":{"line":140,"column":4},"end":{"line":145,"column":5}},"type":"if","locations":[{"start":{"line":140,"column":4},"end":{"line":145,"column":5}},{"start":{"line":140,"column":4},"end":{"line":145,"column":5}}],"line":140},"7":{"loc":{"start":{"line":146,"column":4},"end":{"line":151,"column":5}},"type":"if","locations":[{"start":{"line":146,"column":4},"end":{"line":151,"column":5}},{"start":{"line":146,"column":4},"end":{"line":151,"column":5}}],"line":146},"8":{"loc":{"start":{"line":190,"column":4},"end":{"line":192,"column":5}},"type":"if","locations":[{"start":{"line":190,"column":4},"end":{"line":192,"column":5}},{"start":{"line":190,"column":4},"end":{"line":192,"column":5}}],"line":190}},"s":{"0":2,"1":2,"2":2,"3":2,"4":2,"5":0,"6":0,"7":0,"8":0,"9":2,"10":0,"11":0,"12":0,"13":0,"14":2,"15":0,"16":0,"17":0,"18":0,"19":0,"20":0,"21":0,"22":0,"23":0,"24":0,"25":2,"26":0,"27":0,"28":0,"29":0,"30":0,"31":0,"32":2,"33":0,"34":0,"35":0,"36":0,"37":2,"38":0,"39":0,"40":0,"41":0,"42":2,"43":0,"44":0,"45":0,"46":0,"47":0,"48":0,"49":0,"50":0,"51":0,"52":0,"53":0,"54":0,"55":0,"56":0,"57":0,"58":0,"59":0,"60":0,"61":0,"62":0,"63":0,"64":0,"65":0,"66":0,"67":2,"68":0,"69":0,"70":0,"71":0,"72":2},"f":{"0":0,"1":0,"2":0,"3":0,"4":0,"5":0,"6":0,"7":0,"8":0},"b":{"0":[0,0],"1":[0,0],"2":[0,0],"3":[0,0],"4":[0,0],"5":[0,0],"6":[0,0],"7":[0,0],"8":[0,0]},"_coverageSchema":"1a1c01bbd47fc00a2c39e90264f33305004495a9","hash":"1bfcf78c8e3b76a895a68b85ed6ede0b7d69b125"}
,"C:\\Users\\DEEPAK\\Desktop\\Safar_Travels\\backend\\controller\\Locations.js": {"path":"C:\\Users\\DEEPAK\\Desktop\\Safar_Travels\\backend\\controller\\Locations.js","statementMap":{"0":{"start":{"line":1,"column":22},"end":{"line":1,"column":51}},"1":{"start":{"line":3,"column":21},"end":{"line":8,"column":1}},"2":{"start":{"line":4,"column":21},"end":{"line":6,"column":6}},"3":{"start":{"line":7,"column":4},"end":{"line":7,"column":20}},"4":{"start":{"line":9,"column":20},"end":{"line":34,"column":1}},"5":{"start":{"line":10,"column":28},"end":{"line":10,"column":36}},"6":{"start":{"line":13,"column":4},"end":{"line":15,"column":7}},"7":{"start":{"line":14,"column":8},"end":{"line":14,"column":28}},"8":{"start":{"line":16,"column":4},"end":{"line":21,"column":5}},"9":{"start":{"line":17,"column":8},"end":{"line":20,"column":11}},"10":{"start":{"line":24,"column":19},"end":{"line":27,"column":6}},"11":{"start":{"line":30,"column":4},"end":{"line":30,"column":20}},"12":{"start":{"line":32,"column":4},"end":{"line":32,"column":64}},"13":{"start":{"line":37,"column":0},"end":{"line":37,"column":33}}},"fnMap":{"0":{"name":"(anonymous_0)","decl":{"start":{"line":3,"column":21},"end":{"line":3,"column":22}},"loc":{"start":{"line":3,"column":54},"end":{"line":8,"column":1}},"line":3},"1":{"name":"(anonymous_1)","decl":{"start":{"line":9,"column":20},"end":{"line":9,"column":21}},"loc":{"start":{"line":9,"column":45},"end":{"line":34,"column":1}},"line":9},"2":{"name":"(anonymous_2)","decl":{"start":{"line":13,"column":56},"end":{"line":13,"column":57}},"loc":{"start":{"line":13,"column":68},"end":{"line":15,"column":5}},"line":13}},"branchMap":{"0":{"loc":{"start":{"line":16,"column":4},"end":{"line":21,"column":5}},"type":"if","locations":[{"start":{"line":16,"column":4},"end":{"line":21,"column":5}},{"start":{"line":16,"column":4},"end":{"line":21,"column":5}}],"line":16}},"s":{"0":2,"1":2,"2":0,"3":0,"4":2,"5":0,"6":0,"7":0,"8":0,"9":0,"10":0,"11":0,"12":0,"13":2},"f":{"0":0,"1":0,"2":0},"b":{"0":[0,0]},"_coverageSchema":"1a1c01bbd47fc00a2c39e90264f33305004495a9","hash":"7409800c046ec9e0ad6b6b128fab6cc82f5d7b8a"}
,"C:\\Users\\DEEPAK\\Desktop\\Safar_Travels\\backend\\controller\\Staff.js": {"path":"C:\\Users\\DEEPAK\\Desktop\\Safar_Travels\\backend\\controller\\Staff.js","statementMap":{"0":{"start":{"line":1,"column":36},"end":{"line":1,"column":64}},"1":{"start":{"line":2,"column":14},"end":{"line":2,"column":40}},"2":{"start":{"line":8,"column":18},"end":{"line":18,"column":1}},"3":{"start":{"line":9,"column":18},"end":{"line":9,"column":66}},"4":{"start":{"line":10,"column":4},"end":{"line":17,"column":5}},"5":{"start":{"line":11,"column":8},"end":{"line":14,"column":10}},"6":{"start":{"line":16,"column":8},"end":{"line":16,"column":21}},"7":{"start":{"line":21,"column":19},"end":{"line":31,"column":1}},"8":{"start":{"line":22,"column":19},"end":{"line":22,"column":44}},"9":{"start":{"line":23,"column":4},"end":{"line":30,"column":5}},"10":{"start":{"line":24,"column":8},"end":{"line":27,"column":10}},"11":{"start":{"line":29,"column":8},"end":{"line":29,"column":21}},"12":{"start":{"line":33,"column":20},"end":{"line":69,"column":1}},"13":{"start":{"line":34,"column":19},"end":{"line":34,"column":40}},"14":{"start":{"line":35,"column":4},"end":{"line":37,"column":5}},"15":{"start":{"line":36,"column":8},"end":{"line":36,"column":28}},"16":{"start":{"line":39,"column":47},"end":{"line":39,"column":55}},"17":{"start":{"line":41,"column":16},"end":{"line":41,"column":45}},"18":{"start":{"line":43,"column":4},"end":{"line":45,"column":5}},"19":{"start":{"line":44,"column":8},"end":{"line":44,"column":27}},"20":{"start":{"line":46,"column":4},"end":{"line":46,"column":48}},"21":{"start":{"line":47,"column":4},"end":{"line":53,"column":5}},"22":{"start":{"line":48,"column":8},"end":{"line":51,"column":11}},"23":{"start":{"line":55,"column":4},"end":{"line":61,"column":7}},"24":{"start":{"line":65,"column":4},"end":{"line":65,"column":17}},"25":{"start":{"line":67,"column":4},"end":{"line":67,"column":54}},"26":{"start":{"line":72,"column":0},"end":{"line":72,"column":33}}},"fnMap":{"0":{"name":"(anonymous_0)","decl":{"start":{"line":8,"column":18},"end":{"line":8,"column":19}},"loc":{"start":{"line":8,"column":52},"end":{"line":18,"column":1}},"line":8},"1":{"name":"(anonymous_1)","decl":{"start":{"line":21,"column":19},"end":{"line":21,"column":20}},"loc":{"start":{"line":21,"column":32},"end":{"line":31,"column":1}},"line":21},"2":{"name":"(anonymous_2)","decl":{"start":{"line":33,"column":20},"end":{"line":33,"column":21}},"loc":{"start":{"line":33,"column":45},"end":{"line":69,"column":1}},"line":33}},"branchMap":{"0":{"loc":{"start":{"line":10,"column":4},"end":{"line":17,"column":5}},"type":"if","locations":[{"start":{"line":10,"column":4},"end":{"line":17,"column":5}},{"start":{"line":10,"column":4},"end":{"line":17,"column":5}}],"line":10},"1":{"loc":{"start":{"line":23,"column":4},"end":{"line":30,"column":5}},"type":"if","locations":[{"start":{"line":23,"column":4},"end":{"line":30,"column":5}},{"start":{"line":23,"column":4},"end":{"line":30,"column":5}}],"line":23},"2":{"loc":{"start":{"line":35,"column":4},"end":{"line":37,"column":5}},"type":"if","locations":[{"start":{"line":35,"column":4},"end":{"line":37,"column":5}},{"start":{"line":35,"column":4},"end":{"line":37,"column":5}}],"line":35},"3":{"loc":{"start":{"line":43,"column":4},"end":{"line":45,"column":5}},"type":"if","locations":[{"start":{"line":43,"column":4},"end":{"line":45,"column":5}},{"start":{"line":43,"column":4},"end":{"line":45,"column":5}}],"line":43},"4":{"loc":{"start":{"line":47,"column":4},"end":{"line":53,"column":5}},"type":"if","locations":[{"start":{"line":47,"column":4},"end":{"line":53,"column":5}},{"start":{"line":47,"column":4},"end":{"line":53,"column":5}}],"line":47}},"s":{"0":2,"1":2,"2":2,"3":0,"4":0,"5":0,"6":0,"7":2,"8":0,"9":0,"10":0,"11":0,"12":2,"13":0,"14":0,"15":0,"16":0,"17":0,"18":0,"19":0,"20":0,"21":0,"22":0,"23":0,"24":0,"25":0,"26":2},"f":{"0":0,"1":0,"2":0},"b":{"0":[0,0],"1":[0,0],"2":[0,0],"3":[0,0],"4":[0,0]},"_coverageSchema":"1a1c01bbd47fc00a2c39e90264f33305004495a9","hash":"74bc7741705260405317309fb618a1a783ded7de"}
,"C:\\Users\\DEEPAK\\Desktop\\Safar_Travels\\backend\\controller\\User.js": {"path":"C:\\Users\\DEEPAK\\Desktop\\Safar_Travels\\backend\\controller\\User.js","statementMap":{"0":{"start":{"line":1,"column":15},"end":{"line":1,"column":34}},"1":{"start":{"line":2,"column":12},"end":{"line":2,"column":35}},"2":{"start":{"line":3,"column":36},"end":{"line":3,"column":64}},"3":{"start":{"line":4,"column":13},"end":{"line":4,"column":38}},"4":{"start":{"line":5,"column":15},"end":{"line":5,"column":42}},"5":{"start":{"line":6,"column":17},"end":{"line":6,"column":51}},"6":{"start":{"line":12,"column":19},"end":{"line":22,"column":1}},"7":{"start":{"line":13,"column":19},"end":{"line":13,"column":44}},"8":{"start":{"line":14,"column":4},"end":{"line":21,"column":5}},"9":{"start":{"line":15,"column":8},"end":{"line":18,"column":10}},"10":{"start":{"line":20,"column":8},"end":{"line":20,"column":21}},"11":{"start":{"line":26,"column":17},"end":{"line":34,"column":1}},"12":{"start":{"line":28,"column":15},"end":{"line":28,"column":51}},"13":{"start":{"line":29,"column":4},"end":{"line":33,"column":5}},"14":{"start":{"line":30,"column":8},"end":{"line":30,"column":20}},"15":{"start":{"line":32,"column":8},"end":{"line":32,"column":21}},"16":{"start":{"line":37,"column":22},"end":{"line":46,"column":1}},"17":{"start":{"line":38,"column":4},"end":{"line":45,"column":7}},"18":{"start":{"line":39,"column":8},"end":{"line":39,"column":28}},"19":{"start":{"line":40,"column":8},"end":{"line":44,"column":9}},"20":{"start":{"line":41,"column":12},"end":{"line":41,"column":26}},"21":{"start":{"line":43,"column":12},"end":{"line":43,"column":23}},"22":{"start":{"line":51,"column":22},"end":{"line":54,"column":1}},"23":{"start":{"line":52,"column":18},"end":{"line":52,"column":43}},"24":{"start":{"line":53,"column":4},"end":{"line":53,"column":17}},"25":{"start":{"line":58,"column":23},"end":{"line":61,"column":1}},"26":{"start":{"line":59,"column":20},"end":{"line":59,"column":45}},"27":{"start":{"line":60,"column":4},"end":{"line":60,"column":19}},"28":{"start":{"line":63,"column":19},"end":{"line":113,"column":1}},"29":{"start":{"line":64,"column":19},"end":{"line":64,"column":40}},"30":{"start":{"line":65,"column":4},"end":{"line":67,"column":5}},"31":{"start":{"line":66,"column":8},"end":{"line":66,"column":28}},"32":{"start":{"line":69,"column":38},"end":{"line":69,"column":46}},"33":{"start":{"line":73,"column":15},"end":{"line":73,"column":44}},"34":{"start":{"line":75,"column":4},"end":{"line":80,"column":5}},"35":{"start":{"line":76,"column":8},"end":{"line":79,"column":11}},"36":{"start":{"line":84,"column":4},"end":{"line":88,"column":7}},"37":{"start":{"line":93,"column":17},"end":{"line":93,"column":41}},"38":{"start":{"line":94,"column":4},"end":{"line":94,"column":54}},"39":{"start":{"line":96,"column":4},"end":{"line":96,"column":22}},"40":{"start":{"line":101,"column":18},"end":{"line":104,"column":5}},"41":{"start":{"line":108,"column":18},"end":{"line":108,"column":46}},"42":{"start":{"line":110,"column":4},"end":{"line":110,"column":43}},"43":{"start":{"line":117,"column":18},"end":{"line":154,"column":1}},"44":{"start":{"line":118,"column":19},"end":{"line":118,"column":40}},"45":{"start":{"line":119,"column":4},"end":{"line":121,"column":5}},"46":{"start":{"line":120,"column":8},"end":{"line":120,"column":28}},"47":{"start":{"line":124,"column":17},"end":{"line":124,"column":47}},"48":{"start":{"line":127,"column":4},"end":{"line":132,"column":5}},"49":{"start":{"line":128,"column":8},"end":{"line":131,"column":11}},"50":{"start":{"line":136,"column":34},"end":{"line":136,"column":101}},"51":{"start":{"line":137,"column":4},"end":{"line":142,"column":5}},"52":{"start":{"line":138,"column":8},"end":{"line":141,"column":11}},"53":{"start":{"line":144,"column":18},"end":{"line":147,"column":5}},"54":{"start":{"line":151,"column":18},"end":{"line":151,"column":46}},"55":{"start":{"line":152,"column":4},"end":{"line":152,"column":43}},"56":{"start":{"line":160,"column":20},"end":{"line":165,"column":1}},"57":{"start":{"line":161,"column":4},"end":{"line":163,"column":5}},"58":{"start":{"line":161,"column":20},"end":{"line":161,"column":21}},"59":{"start":{"line":162,"column":8},"end":{"line":162,"column":47}},"60":{"start":{"line":164,"column":4},"end":{"line":164,"column":22}},"61":{"start":{"line":169,"column":19},"end":{"line":211,"column":1}},"62":{"start":{"line":170,"column":19},"end":{"line":170,"column":40}},"63":{"start":{"line":171,"column":4},"end":{"line":173,"column":5}},"64":{"start":{"line":172,"column":8},"end":{"line":172,"column":28}},"65":{"start":{"line":175,"column":32},"end":{"line":175,"column":40}},"66":{"start":{"line":178,"column":4},"end":{"line":183,"column":5}},"67":{"start":{"line":179,"column":8},"end":{"line":182,"column":11}},"68":{"start":{"line":185,"column":4},"end":{"line":185,"column":54}},"69":{"start":{"line":189,"column":4},"end":{"line":195,"column":5}},"70":{"start":{"line":191,"column":8},"end":{"line":194,"column":11}},"71":{"start":{"line":197,"column":16},"end":{"line":197,"column":32}},"72":{"start":{"line":199,"column":17},"end":{"line":203,"column":6}},"73":{"start":{"line":205,"column":4},"end":{"line":205,"column":18}},"74":{"start":{"line":206,"column":4},"end":{"line":206,"column":62}},"75":{"start":{"line":213,"column":0},"end":{"line":213,"column":81}}},"fnMap":{"0":{"name":"(anonymous_0)","decl":{"start":{"line":12,"column":19},"end":{"line":12,"column":20}},"loc":{"start":{"line":12,"column":32},"end":{"line":22,"column":1}},"line":12},"1":{"name":"(anonymous_1)","decl":{"start":{"line":26,"column":17},"end":{"line":26,"column":18}},"loc":{"start":{"line":26,"column":33},"end":{"line":34,"column":1}},"line":26},"2":{"name":"(anonymous_2)","decl":{"start":{"line":37,"column":22},"end":{"line":37,"column":23}},"loc":{"start":{"line":37,"column":59},"end":{"line":46,"column":1}},"line":37},"3":{"name":"(anonymous_3)","decl":{"start":{"line":38,"column":47},"end":{"line":38,"column":48}},"loc":{"start":{"line":38,"column":64},"end":{"line":45,"column":5}},"line":38},"4":{"name":"(anonymous_4)","decl":{"start":{"line":51,"column":22},"end":{"line":51,"column":23}},"loc":{"start":{"line":51,"column":76},"end":{"line":54,"column":1}},"line":51},"5":{"name":"(anonymous_5)","decl":{"start":{"line":58,"column":23},"end":{"line":58,"column":24}},"loc":{"start":{"line":58,"column":77},"end":{"line":61,"column":1}},"line":58},"6":{"name":"(anonymous_6)","decl":{"start":{"line":63,"column":19},"end":{"line":63,"column":20}},"loc":{"start":{"line":63,"column":44},"end":{"line":113,"column":1}},"line":63},"7":{"name":"(anonymous_7)","decl":{"start":{"line":117,"column":18},"end":{"line":117,"column":19}},"loc":{"start":{"line":117,"column":43},"end":{"line":154,"column":1}},"line":117},"8":{"name":"(anonymous_8)","decl":{"start":{"line":160,"column":20},"end":{"line":160,"column":21}},"loc":{"start":{"line":160,"column":48},"end":{"line":165,"column":1}},"line":160},"9":{"name":"(anonymous_9)","decl":{"start":{"line":169,"column":19},"end":{"line":169,"column":20}},"loc":{"start":{"line":169,"column":44},"end":{"line":211,"column":1}},"line":169}},"branchMap":{"0":{"loc":{"start":{"line":14,"column":4},"end":{"line":21,"column":5}},"type":"if","locations":[{"start":{"line":14,"column":4},"end":{"line":21,"column":5}},{"start":{"line":14,"column":4},"end":{"line":21,"column":5}}],"line":14},"1":{"loc":{"start":{"line":29,"column":4},"end":{"line":33,"column":5}},"type":"if","locations":[{"start":{"line":29,"column":4},"end":{"line":33,"column":5}},{"start":{"line":29,"column":4},"end":{"line":33,"column":5}}],"line":29},"2":{"loc":{"start":{"line":40,"column":8},"end":{"line":44,"column":9}},"type":"if","locations":[{"start":{"line":40,"column":8},"end":{"line":44,"column":9}},{"start":{"line":40,"column":8},"end":{"line":44,"column":9}}],"line":40},"3":{"loc":{"start":{"line":51,"column":40},"end":{"line":51,"column":74}},"type":"default-arg","locations":[{"start":{"line":51,"column":49},"end":{"line":51,"column":74}}],"line":51},"4":{"loc":{"start":{"line":58,"column":41},"end":{"line":58,"column":75}},"type":"default-arg","locations":[{"start":{"line":58,"column":50},"end":{"line":58,"column":75}}],"line":58},"5":{"loc":{"start":{"line":65,"column":4},"end":{"line":67,"column":5}},"type":"if","locations":[{"start":{"line":65,"column":4},"end":{"line":67,"column":5}},{"start":{"line":65,"column":4},"end":{"line":67,"column":5}}],"line":65},"6":{"loc":{"start":{"line":75,"column":4},"end":{"line":80,"column":5}},"type":"if","locations":[{"start":{"line":75,"column":4},"end":{"line":80,"column":5}},{"start":{"line":75,"column":4},"end":{"line":80,"column":5}}],"line":75},"7":{"loc":{"start":{"line":119,"column":4},"end":{"line":121,"column":5}},"type":"if","locations":[{"start":{"line":119,"column":4},"end":{"line":121,"column":5}},{"start":{"line":119,"column":4},"end":{"line":121,"column":5}}],"line":119},"8":{"loc":{"start":{"line":127,"column":4},"end":{"line":132,"column":5}},"type":"if","locations":[{"start":{"line":127,"column":4},"end":{"line":132,"column":5}},{"start":{"line":127,"column":4},"end":{"line":132,"column":5}}],"line":127},"9":{"loc":{"start":{"line":137,"column":4},"end":{"line":142,"column":5}},"type":"if","locations":[{"start":{"line":137,"column":4},"end":{"line":142,"column":5}},{"start":{"line":137,"column":4},"end":{"line":142,"column":5}}],"line":137},"10":{"loc":{"start":{"line":171,"column":4},"end":{"line":173,"column":5}},"type":"if","locations":[{"start":{"line":171,"column":4},"end":{"line":173,"column":5}},{"start":{"line":171,"column":4},"end":{"line":173,"column":5}}],"line":171},"11":{"loc":{"start":{"line":178,"column":4},"end":{"line":183,"column":5}},"type":"if","locations":[{"start":{"line":178,"column":4},"end":{"line":183,"column":5}},{"start":{"line":178,"column":4},"end":{"line":183,"column":5}}],"line":178},"12":{"loc":{"start":{"line":189,"column":4},"end":{"line":195,"column":5}},"type":"if","locations":[{"start":{"line":189,"column":4},"end":{"line":195,"column":5}},{"start":{"line":189,"column":4},"end":{"line":195,"column":5}}],"line":189}},"s":{"0":2,"1":2,"2":2,"3":2,"4":2,"5":2,"6":2,"7":6,"8":6,"9":0,"10":6,"11":2,"12":1,"13":1,"14":1,"15":0,"16":2,"17":1,"18":1,"19":1,"20":1,"21":0,"22":2,"23":4,"24":4,"25":2,"26":0,"27":0,"28":2,"29":5,"30":5,"31":0,"32":5,"33":5,"34":5,"35":2,"36":3,"37":3,"38":3,"39":3,"40":3,"41":3,"42":3,"43":2,"44":1,"45":1,"46":0,"47":1,"48":1,"49":0,"50":1,"51":1,"52":0,"53":1,"54":1,"55":1,"56":2,"57":0,"58":0,"59":0,"60":0,"61":2,"62":0,"63":0,"64":0,"65":0,"66":0,"67":0,"68":0,"69":0,"70":0,"71":0,"72":0,"73":0,"74":0,"75":2},"f":{"0":6,"1":1,"2":1,"3":1,"4":4,"5":0,"6":5,"7":1,"8":0,"9":0},"b":{"0":[0,6],"1":[1,0],"2":[1,0],"3":[4],"4":[0],"5":[0,5],"6":[2,3],"7":[0,1],"8":[0,1],"9":[0,1],"10":[0,0],"11":[0,0],"12":[0,0]},"_coverageSchema":"1a1c01bbd47fc00a2c39e90264f33305004495a9","hash":"2158eb52a7a62466200dd8322a9d99f6ed520c91"}
,"C:\\Users\\DEEPAK\\Desktop\\Safar_Travels\\backend\\extra_features\\emailVerify.js": {"path":"C:\\Users\\DEEPAK\\Desktop\\Safar_Travels\\backend\\extra_features\\emailVerify.js","statementMap":{"0":{"start":{"line":1,"column":17},"end":{"line":1,"column":83}},"1":{"start":{"line":3,"column":22},"end":{"line":25,"column":1}},"2":{"start":{"line":4,"column":4},"end":{"line":24,"column":7}},"3":{"start":{"line":5,"column":8},"end":{"line":12,"column":9}},"4":{"start":{"line":7,"column":12},"end":{"line":11,"column":19}},"5":{"start":{"line":13,"column":8},"end":{"line":19,"column":9}},"6":{"start":{"line":18,"column":12},"end":{"line":18,"column":26}},"7":{"start":{"line":20,"column":8},"end":{"line":23,"column":11}},"8":{"start":{"line":30,"column":0},"end":{"line":30,"column":35}}},"fnMap":{"0":{"name":"(anonymous_0)","decl":{"start":{"line":3,"column":22},"end":{"line":3,"column":23}},"loc":{"start":{"line":3,"column":42},"end":{"line":25,"column":1}},"line":3},"1":{"name":"(anonymous_1)","decl":{"start":{"line":4,"column":36},"end":{"line":4,"column":37}},"loc":{"start":{"line":4,"column":51},"end":{"line":24,"column":5}},"line":4}},"branchMap":{"0":{"loc":{"start":{"line":5,"column":8},"end":{"line":12,"column":9}},"type":"if","locations":[{"start":{"line":5,"column":8},"end":{"line":12,"column":9}},{"start":{"line":5,"column":8},"end":{"line":12,"column":9}}],"line":5},"1":{"loc":{"start":{"line":13,"column":8},"end":{"line":19,"column":9}},"type":"if","locations":[{"start":{"line":13,"column":8},"end":{"line":19,"column":9}},{"start":{"line":13,"column":8},"end":{"line":19,"column":9}}],"line":13},"2":{"loc":{"start":{"line":13,"column":12},"end":{"line":16,"column":38}},"type":"binary-expr","locations":[{"start":{"line":13,"column":12},"end":{"line":13,"column":39}},{"start":{"line":14,"column":12},"end":{"line":14,"column":44}},{"start":{"line":15,"column":12},"end":{"line":15,"column":36}},{"start":{"line":16,"column":12},"end":{"line":16,"column":38}}],"line":13}},"s":{"0":2,"1":2,"2":2,"3":2,"4":0,"5":2,"6":2,"7":0,"8":2},"f":{"0":2,"1":2},"b":{"0":[0,2],"1":[2,0],"2":[2,2,2,2]},"_coverageSchema":"1a1c01bbd47fc00a2c39e90264f33305004495a9","hash":"5072017326a7942a8cdc2b549ccc28ad9c57f568"}
,"C:\\Users\\DEEPAK\\Desktop\\Safar_Travels\\backend\\middleware\\isAdmin.js": {"path":"C:\\Users\\DEEPAK\\Desktop\\Safar_Travels\\backend\\middleware\\isAdmin.js","statementMap":{"0":{"start":{"line":1,"column":13},"end":{"line":1,"column":38}},"1":{"start":{"line":3,"column":0},"end":{"line":13,"column":2}},"2":{"start":{"line":4,"column":4},"end":{"line":12,"column":5}},"3":{"start":{"line":5,"column":8},"end":{"line":5,"column":35}},"4":{"start":{"line":6,"column":8},"end":{"line":6,"column":22}},"5":{"start":{"line":8,"column":8},"end":{"line":11,"column":11}}},"fnMap":{"0":{"name":"(anonymous_0)","decl":{"start":{"line":3,"column":17},"end":{"line":3,"column":18}},"loc":{"start":{"line":3,"column":42},"end":{"line":13,"column":1}},"line":3}},"branchMap":{"0":{"loc":{"start":{"line":4,"column":4},"end":{"line":12,"column":5}},"type":"if","locations":[{"start":{"line":4,"column":4},"end":{"line":12,"column":5}},{"start":{"line":4,"column":4},"end":{"line":12,"column":5}}],"line":4}},"s":{"0":2,"1":2,"2":0,"3":0,"4":0,"5":0},"f":{"0":0},"b":{"0":[0,0]},"_coverageSchema":"1a1c01bbd47fc00a2c39e90264f33305004495a9","hash":"323b8cc3a4d6d6b5392c5b7b56261584dcaed7c0"}
,"C:\\Users\\DEEPAK\\Desktop\\Safar_Travels\\backend\\middleware\\isVerify.js": {"path":"C:\\Users\\DEEPAK\\Desktop\\Safar_Travels\\backend\\middleware\\isVerify.js","statementMap":{"0":{"start":{"line":1,"column":12},"end":{"line":1,"column":35}},"1":{"start":{"line":2,"column":13},"end":{"line":2,"column":38}},"2":{"start":{"line":3,"column":27},"end":{"line":3,"column":56}},"3":{"start":{"line":5,"column":0},"end":{"line":31,"column":2}},"4":{"start":{"line":6,"column":18},"end":{"line":6,"column":43}},"5":{"start":{"line":8,"column":4},"end":{"line":8,"column":23}},"6":{"start":{"line":9,"column":4},"end":{"line":11,"column":5}},"7":{"start":{"line":10,"column":8},"end":{"line":10,"column":79}},"8":{"start":{"line":12,"column":4},"end":{"line":30,"column":5}},"9":{"start":{"line":13,"column":24},"end":{"line":13,"column":45}},"10":{"start":{"line":15,"column":8},"end":{"line":15,"column":30}},"11":{"start":{"line":16,"column":8},"end":{"line":16,"column":34}},"12":{"start":{"line":20,"column":8},"end":{"line":25,"column":9}},"13":{"start":{"line":21,"column":12},"end":{"line":21,"column":26}},"14":{"start":{"line":24,"column":12},"end":{"line":24,"column":26}},"15":{"start":{"line":28,"column":8},"end":{"line":28,"column":25}},"16":{"start":{"line":29,"column":8},"end":{"line":29,"column":67}}},"fnMap":{"0":{"name":"(anonymous_0)","decl":{"start":{"line":5,"column":17},"end":{"line":5,"column":18}},"loc":{"start":{"line":5,"column":42},"end":{"line":31,"column":1}},"line":5}},"branchMap":{"0":{"loc":{"start":{"line":9,"column":4},"end":{"line":11,"column":5}},"type":"if","locations":[{"start":{"line":9,"column":4},"end":{"line":11,"column":5}},{"start":{"line":9,"column":4},"end":{"line":11,"column":5}}],"line":9},"1":{"loc":{"start":{"line":20,"column":8},"end":{"line":25,"column":9}},"type":"if","locations":[{"start":{"line":20,"column":8},"end":{"line":25,"column":9}},{"start":{"line":20,"column":8},"end":{"line":25,"column":9}}],"line":20}},"s":{"0":2,"1":2,"2":2,"3":2,"4":0,"5":0,"6":0,"7":0,"8":0,"9":0,"10":0,"11":0,"12":0,"13":0,"14":0,"15":0,"16":0},"f":{"0":0},"b":{"0":[0,0],"1":[0,0]},"_coverageSchema":"1a1c01bbd47fc00a2c39e90264f33305004495a9","hash":"49e0b7d021c4002c53b6b0b152e733b4dccbcba6"}
,"C:\\Users\\DEEPAK\\Desktop\\Safar_Travels\\backend\\models\\Agency.js": {"path":"C:\\Users\\DEEPAK\\Desktop\\Safar_Travels\\backend\\models\\Agency.js","statementMap":{"0":{"start":{"line":1,"column":17},"end":{"line":1,"column":36}},"1":{"start":{"line":2,"column":15},"end":{"line":21,"column":2}},"2":{"start":{"line":22,"column":15},"end":{"line":22,"column":47}},"3":{"start":{"line":23,"column":0},"end":{"line":23,"column":24}}},"fnMap":{},"branchMap":{},"s":{"0":2,"1":2,"2":2,"3":2},"f":{},"b":{},"_coverageSchema":"1a1c01bbd47fc00a2c39e90264f33305004495a9","hash":"0aa8458481bd75cf86dbf19938ceadb77ad29d4b"}
,"C:\\Users\\DEEPAK\\Desktop\\Safar_Travels\\backend\\models\\Bus.js": {"path":"C:\\Users\\DEEPAK\\Desktop\\Safar_Travels\\backend\\models\\Bus.js","statementMap":{"0":{"start":{"line":1,"column":17},"end":{"line":1,"column":36}},"1":{"start":{"line":3,"column":18},"end":{"line":71,"column":2}},"2":{"start":{"line":72,"column":12},"end":{"line":72,"column":46}},"3":{"start":{"line":73,"column":0},"end":{"line":73,"column":21}}},"fnMap":{},"branchMap":{},"s":{"0":2,"1":2,"2":2,"3":2},"f":{},"b":{},"_coverageSchema":"1a1c01bbd47fc00a2c39e90264f33305004495a9","hash":"f02ab2946f78dd9abb004e379e8ba4f3af389e91"}
,"C:\\Users\\DEEPAK\\Desktop\\Safar_Travels\\backend\\models\\Location.js": {"path":"C:\\Users\\DEEPAK\\Desktop\\Safar_Travels\\backend\\models\\Location.js","statementMap":{"0":{"start":{"line":1,"column":17},"end":{"line":1,"column":36}},"1":{"start":{"line":2,"column":23},"end":{"line":14,"column":2}},"2":{"start":{"line":16,"column":17},"end":{"line":16,"column":59}},"3":{"start":{"line":17,"column":0},"end":{"line":17,"column":26}}},"fnMap":{},"branchMap":{},"s":{"0":2,"1":2,"2":2,"3":2},"f":{},"b":{},"_coverageSchema":"1a1c01bbd47fc00a2c39e90264f33305004495a9","hash":"51dbb7a77837f428fcd7b449efed9254b1c58497"}
,"C:\\Users\\DEEPAK\\Desktop\\Safar_Travels\\backend\\models\\Staff.js": {"path":"C:\\Users\\DEEPAK\\Desktop\\Safar_Travels\\backend\\models\\Staff.js","statementMap":{"0":{"start":{"line":1,"column":17},"end":{"line":1,"column":36}},"1":{"start":{"line":3,"column":20},"end":{"line":29,"column":2}},"2":{"start":{"line":31,"column":14},"end":{"line":31,"column":50}},"3":{"start":{"line":32,"column":0},"end":{"line":32,"column":23}}},"fnMap":{},"branchMap":{},"s":{"0":2,"1":2,"2":2,"3":2},"f":{},"b":{},"_coverageSchema":"1a1c01bbd47fc00a2c39e90264f33305004495a9","hash":"fe4673385d6ddd19636bcbb11080e17498637c97"}
,"C:\\Users\\DEEPAK\\Desktop\\Safar_Travels\\backend\\models\\Ticket.js": {"path":"C:\\Users\\DEEPAK\\Desktop\\Safar_Travels\\backend\\models\\Ticket.js","statementMap":{"0":{"start":{"line":1,"column":17},"end":{"line":1,"column":36}},"1":{"start":{"line":2,"column":21},"end":{"line":34,"column":2}},"2":{"start":{"line":36,"column":16},"end":{"line":36,"column":55}},"3":{"start":{"line":37,"column":0},"end":{"line":37,"column":25}}},"fnMap":{},"branchMap":{},"s":{"0":2,"1":2,"2":2,"3":2},"f":{},"b":{},"_coverageSchema":"1a1c01bbd47fc00a2c39e90264f33305004495a9","hash":"fcd1edeaa367a221a6d5cbcc0af68b1bc82c1388"}
,"C:\\Users\\DEEPAK\\Desktop\\Safar_Travels\\backend\\models\\User.js": {"path":"C:\\Users\\DEEPAK\\Desktop\\Safar_Travels\\backend\\models\\User.js","statementMap":{"0":{"start":{"line":1,"column":17},"end":{"line":1,"column":36}},"1":{"start":{"line":3,"column":19},"end":{"line":26,"column":2}},"2":{"start":{"line":29,"column":13},"end":{"line":29,"column":48}},"3":{"start":{"line":30,"column":0},"end":{"line":30,"column":22}}},"fnMap":{},"branchMap":{},"s":{"0":2,"1":2,"2":2,"3":2},"f":{},"b":{},"_coverageSchema":"1a1c01bbd47fc00a2c39e90264f33305004495a9","hash":"d9f24f7739cc1cf591f773e0d214e9a8543254c3"}
,"C:\\Users\\DEEPAK\\Desktop\\Safar_Travels\\backend\\routers\\Admin.js": {"path":"C:\\Users\\DEEPAK\\Desktop\\Safar_Travels\\backend\\routers\\Admin.js","statementMap":{"0":{"start":{"line":1,"column":15},"end":{"line":1,"column":42}},"1":{"start":{"line":2,"column":36},"end":{"line":2,"column":64}},"2":{"start":{"line":3,"column":16},"end":{"line":3,"column":48}},"3":{"start":{"line":4,"column":36},"end":{"line":4,"column":66}},"4":{"start":{"line":5,"column":24},"end":{"line":5,"column":58}},"5":{"start":{"line":6,"column":17},"end":{"line":6,"column":50}},"6":{"start":{"line":7,"column":22},"end":{"line":7,"column":53}},"7":{"start":{"line":8,"column":24},"end":{"line":8,"column":54}},"8":{"start":{"line":9,"column":19},"end":{"line":9,"column":47}},"9":{"start":{"line":20,"column":0},"end":{"line":33,"column":16}},"10":{"start":{"line":26,"column":8},"end":{"line":28,"column":9}},"11":{"start":{"line":27,"column":12},"end":{"line":27,"column":77}},"12":{"start":{"line":30,"column":8},"end":{"line":30,"column":20}},"13":{"start":{"line":40,"column":0},"end":{"line":44,"column":15}},"14":{"start":{"line":54,"column":0},"end":{"line":57,"column":16}},"15":{"start":{"line":66,"column":0},"end":{"line":72,"column":14}},"16":{"start":{"line":79,"column":0},"end":{"line":84,"column":16}},"17":{"start":{"line":87,"column":0},"end":{"line":102,"column":11}},"18":{"start":{"line":105,"column":0},"end":{"line":105,"column":24}}},"fnMap":{"0":{"name":"(anonymous_0)","decl":{"start":{"line":25,"column":37},"end":{"line":25,"column":38}},"loc":{"start":{"line":25,"column":57},"end":{"line":31,"column":5}},"line":25}},"branchMap":{"0":{"loc":{"start":{"line":26,"column":8},"end":{"line":28,"column":9}},"type":"if","locations":[{"start":{"line":26,"column":8},"end":{"line":28,"column":9}},{"start":{"line":26,"column":8},"end":{"line":28,"column":9}}],"line":26}},"s":{"0":2,"1":2,"2":2,"3":2,"4":2,"5":2,"6":2,"7":2,"8":2,"9":2,"10":1,"11":0,"12":1,"13":2,"14":2,"15":2,"16":2,"17":2,"18":2},"f":{"0":1},"b":{"0":[0,1]},"_coverageSchema":"1a1c01bbd47fc00a2c39e90264f33305004495a9","hash":"349167a1d842c4d02d535ac18b38da742bfd6ae6"}
,"C:\\Users\\DEEPAK\\Desktop\\Safar_Travels\\backend\\routers\\User.js": {"path":"C:\\Users\\DEEPAK\\Desktop\\Safar_Travels\\backend\\routers\\User.js","statementMap":{"0":{"start":{"line":1,"column":15},"end":{"line":1,"column":42}},"1":{"start":{"line":2,"column":36},"end":{"line":2,"column":64}},"2":{"start":{"line":3,"column":46},"end":{"line":3,"column":75}},"3":{"start":{"line":4,"column":26},"end":{"line":4,"column":66}},"4":{"start":{"line":5,"column":17},"end":{"line":5,"column":50}},"5":{"start":{"line":11,"column":0},"end":{"line":22,"column":15}},"6":{"start":{"line":16,"column":8},"end":{"line":18,"column":9}},"7":{"start":{"line":17,"column":12},"end":{"line":17,"column":77}},"8":{"start":{"line":20,"column":8},"end":{"line":20,"column":20}},"9":{"start":{"line":28,"column":0},"end":{"line":32,"column":14}},"10":{"start":{"line":39,"column":0},"end":{"line":43,"column":15}},"11":{"start":{"line":45,"column":0},"end":{"line":45,"column":24}}},"fnMap":{"0":{"name":"(anonymous_0)","decl":{"start":{"line":15,"column":37},"end":{"line":15,"column":38}},"loc":{"start":{"line":15,"column":57},"end":{"line":21,"column":5}},"line":15}},"branchMap":{"0":{"loc":{"start":{"line":16,"column":8},"end":{"line":18,"column":9}},"type":"if","locations":[{"start":{"line":16,"column":8},"end":{"line":18,"column":9}},{"start":{"line":16,"column":8},"end":{"line":18,"column":9}}],"line":16}},"s":{"0":2,"1":2,"2":2,"3":2,"4":2,"5":2,"6":1,"7":0,"8":1,"9":2,"10":2,"11":2},"f":{"0":1},"b":{"0":[0,1]},"_coverageSchema":"1a1c01bbd47fc00a2c39e90264f33305004495a9","hash":"618722310830c4a574f83299ff5e315a894d026b"}
}
