TN:
SF:index.js
FN:22,(anonymous_0)
FNF:1
FNH:0
FNDA:0,(anonymous_0)
DA:1,2
DA:2,2
DA:3,2
DA:4,2
DA:6,2
DA:7,2
DA:13,2
DA:17,2
DA:18,2
DA:22,2
DA:23,0
DA:24,0
DA:25,0
DA:28,2
DA:34,2
LF:15
LH:12
BRDA:28,0,0,2
BRDA:28,0,1,0
BRF:2
BRH:1
end_of_record
TN:
SF:Config\InMemorydb.js
FN:7,(anonymous_0)
FN:31,(anonymous_1)
FN:40,(anonymous_2)
FNF:3
FNH:2
FNDA:3,(anonymous_0)
FNDA:3,(anonymous_1)
FNDA:0,(anonymous_2)
DA:1,2
DA:2,2
DA:3,2
DA:7,2
DA:8,3
DA:10,3
DA:12,3
DA:18,3
DA:19,3
DA:21,0
DA:22,0
DA:31,2
DA:32,3
DA:33,3
DA:34,3
DA:40,2
DA:41,0
DA:42,0
DA:43,0
DA:44,0
DA:49,2
LF:21
LH:15
BRF:0
BRH:0
end_of_record
TN:
SF:Config\db.js
FN:11,(anonymous_0)
FNF:1
FNH:0
FNDA:0,(anonymous_0)
DA:1,2
DA:2,2
DA:7,2
DA:8,2
DA:11,2
DA:12,0
DA:13,0
DA:19,0
DA:21,0
DA:22,0
LF:10
LH:5
BRF:0
BRH:0
end_of_record
TN:
SF:controller\Admin.js
FN:10,(anonymous_0)
FN:24,(anonymous_1)
FN:36,(anonymous_2)
FN:40,(anonymous_3)
FN:41,(anonymous_4)
FN:52,(anonymous_5)
FN:106,(anonymous_6)
FNF:7
FNH:3
FNDA:2,(anonymous_0)
FNDA:0,(anonymous_1)
FNDA:2,(anonymous_2)
FNDA:0,(anonymous_3)
FNDA:0,(anonymous_4)
FNDA:2,(anonymous_5)
FNDA:0,(anonymous_6)
DA:1,2
DA:2,2
DA:3,2
DA:5,2
DA:10,2
DA:11,2
DA:12,2
DA:13,0
DA:18,2
DA:24,2
DA:26,0
DA:27,0
DA:28,0
DA:30,0
DA:36,2
DA:37,2
DA:38,2
DA:40,2
DA:41,0
DA:42,0
DA:43,0
DA:45,0
DA:52,2
DA:53,2
DA:54,2
DA:55,0
DA:56,0
DA:59,2
DA:64,2
DA:66,2
DA:68,0
DA:75,2
DA:81,2
DA:85,2
DA:86,2
DA:88,2
DA:93,2
DA:100,2
DA:101,2
DA:106,2
DA:107,0
DA:108,0
DA:109,0
DA:113,0
DA:115,0
DA:116,0
DA:124,0
DA:125,0
DA:126,0
DA:132,0
DA:140,0
DA:141,0
DA:151,2
LF:53
LH:29
BRDA:12,0,0,0
BRDA:12,0,1,2
BRDA:27,1,0,0
BRDA:27,1,1,0
BRDA:36,2,0,2
BRDA:42,3,0,0
BRDA:42,3,1,0
BRDA:54,4,0,0
BRDA:54,4,1,2
BRDA:66,5,0,0
BRDA:66,5,1,2
BRDA:108,6,0,0
BRDA:108,6,1,0
BRDA:115,7,0,0
BRDA:115,7,1,0
BRDA:125,8,0,0
BRDA:125,8,1,0
BRF:17
BRH:4
end_of_record
TN:
SF:controller\Agency.js
FN:7,(anonymous_0)
FN:21,(anonymous_1)
FNF:2
FNH:0
FNDA:0,(anonymous_0)
FNDA:0,(anonymous_1)
DA:1,2
DA:2,2
DA:7,2
DA:8,0
DA:9,0
DA:10,0
DA:11,0
DA:12,0
DA:17,0
DA:21,2
DA:22,0
DA:23,0
DA:24,0
DA:26,0
DA:28,0
DA:29,0
DA:30,0
DA:33,0
DA:40,0
DA:42,0
DA:47,2
LF:21
LH:5
BRDA:11,0,0,0
BRDA:11,0,1,0
BRDA:23,1,0,0
BRDA:23,1,1,0
BRDA:29,2,0,0
BRDA:29,2,1,0
BRF:6
BRH:0
end_of_record
TN:
SF:controller\Bus.js
FN:6,(anonymous_0)
FN:18,(anonymous_1)
FN:32,(anonymous_2)
FN:49,(anonymous_3)
FN:51,(anonymous_4)
FN:64,(anonymous_5)
FN:78,(anonymous_6)
FN:92,(anonymous_7)
FN:188,(anonymous_8)
FNF:9
FNH:0
FNDA:0,(anonymous_0)
FNDA:0,(anonymous_1)
FNDA:0,(anonymous_2)
FNDA:0,(anonymous_3)
FNDA:0,(anonymous_4)
FNDA:0,(anonymous_5)
FNDA:0,(anonymous_6)
FNDA:0,(anonymous_7)
FNDA:0,(anonymous_8)
DA:1,2
DA:2,2
DA:3,2
DA:4,2
DA:6,2
DA:7,0
DA:8,0
DA:9,0
DA:14,0
DA:18,2
DA:19,0
DA:20,0
DA:21,0
DA:26,0
DA:32,2
DA:33,0
DA:34,0
DA:35,0
DA:36,0
DA:37,0
DA:38,0
DA:40,0
DA:43,0
DA:49,2
DA:50,0
DA:51,0
DA:52,0
DA:56,0
DA:57,0
DA:58,0
DA:64,2
DA:65,0
DA:66,0
DA:67,0
DA:72,0
DA:78,2
DA:79,0
DA:80,0
DA:81,0
DA:86,0
DA:92,2
DA:93,0
DA:94,0
DA:95,0
DA:112,0
DA:114,0
DA:116,0
DA:117,0
DA:121,0
DA:135,0
DA:139,0
DA:140,0
DA:141,0
DA:146,0
DA:147,0
DA:154,0
DA:155,0
DA:158,0
DA:159,0
DA:162,0
DA:163,0
DA:164,0
DA:165,0
DA:180,0
DA:181,0
DA:188,2
DA:189,0
DA:190,0
DA:191,0
DA:194,0
DA:198,2
LF:71
LH:13
BRDA:8,0,0,0
BRDA:8,0,1,0
BRDA:20,1,0,0
BRDA:20,1,1,0
BRDA:66,2,0,0
BRDA:66,2,1,0
BRDA:80,3,0,0
BRDA:80,3,1,0
BRDA:94,4,0,0
BRDA:94,4,1,0
BRDA:116,5,0,0
BRDA:116,5,1,0
BRDA:140,6,0,0
BRDA:140,6,1,0
BRDA:146,7,0,0
BRDA:146,7,1,0
BRDA:190,8,0,0
BRDA:190,8,1,0
BRF:18
BRH:0
end_of_record
TN:
SF:controller\Locations.js
FN:3,(anonymous_0)
FN:9,(anonymous_1)
FN:13,(anonymous_2)
FNF:3
FNH:0
FNDA:0,(anonymous_0)
FNDA:0,(anonymous_1)
FNDA:0,(anonymous_2)
DA:1,2
DA:3,2
DA:4,0
DA:7,0
DA:9,2
DA:10,0
DA:13,0
DA:14,0
DA:16,0
DA:17,0
DA:24,0
DA:30,0
DA:32,0
DA:37,2
LF:14
LH:4
BRDA:16,0,0,0
BRDA:16,0,1,0
BRF:2
BRH:0
end_of_record
TN:
SF:controller\Staff.js
FN:8,(anonymous_0)
FN:21,(anonymous_1)
FN:33,(anonymous_2)
FNF:3
FNH:0
FNDA:0,(anonymous_0)
FNDA:0,(anonymous_1)
FNDA:0,(anonymous_2)
DA:1,2
DA:2,2
DA:8,2
DA:9,0
DA:10,0
DA:11,0
DA:16,0
DA:21,2
DA:22,0
DA:23,0
DA:24,0
DA:29,0
DA:33,2
DA:34,0
DA:35,0
DA:36,0
DA:39,0
DA:41,0
DA:43,0
DA:44,0
DA:46,0
DA:47,0
DA:48,0
DA:55,0
DA:65,0
DA:67,0
DA:72,2
LF:27
LH:6
BRDA:10,0,0,0
BRDA:10,0,1,0
BRDA:23,1,0,0
BRDA:23,1,1,0
BRDA:35,2,0,0
BRDA:35,2,1,0
BRDA:43,3,0,0
BRDA:43,3,1,0
BRDA:47,4,0,0
BRDA:47,4,1,0
BRF:10
BRH:0
end_of_record
TN:
SF:controller\User.js
FN:12,(anonymous_0)
FN:26,(anonymous_1)
FN:37,(anonymous_2)
FN:38,(anonymous_3)
FN:51,(anonymous_4)
FN:58,(anonymous_5)
FN:63,(anonymous_6)
FN:117,(anonymous_7)
FN:160,(anonymous_8)
FN:169,(anonymous_9)
FNF:10
FNH:7
FNDA:6,(anonymous_0)
FNDA:1,(anonymous_1)
FNDA:1,(anonymous_2)
FNDA:1,(anonymous_3)
FNDA:4,(anonymous_4)
FNDA:0,(anonymous_5)
FNDA:5,(anonymous_6)
FNDA:1,(anonymous_7)
FNDA:0,(anonymous_8)
FNDA:0,(anonymous_9)
DA:1,2
DA:2,2
DA:3,2
DA:4,2
DA:5,2
DA:6,2
DA:12,2
DA:13,6
DA:14,6
DA:15,0
DA:20,6
DA:26,2
DA:28,1
DA:29,1
DA:30,1
DA:32,0
DA:37,2
DA:38,1
DA:39,1
DA:40,1
DA:41,1
DA:43,0
DA:51,2
DA:52,4
DA:53,4
DA:58,2
DA:59,0
DA:60,0
DA:63,2
DA:64,5
DA:65,5
DA:66,0
DA:69,5
DA:73,5
DA:75,5
DA:76,2
DA:84,3
DA:93,3
DA:94,3
DA:96,3
DA:101,3
DA:108,3
DA:110,3
DA:117,2
DA:118,1
DA:119,1
DA:120,0
DA:124,1
DA:127,1
DA:128,0
DA:136,1
DA:137,1
DA:138,0
DA:144,1
DA:151,1
DA:152,1
DA:160,2
DA:161,0
DA:162,0
DA:164,0
DA:169,2
DA:170,0
DA:171,0
DA:172,0
DA:175,0
DA:178,0
DA:179,0
DA:185,0
DA:189,0
DA:191,0
DA:197,0
DA:199,0
DA:205,0
DA:206,0
DA:213,2
LF:75
LH:50
BRDA:14,0,0,0
BRDA:14,0,1,6
BRDA:29,1,0,1
BRDA:29,1,1,0
BRDA:40,2,0,1
BRDA:40,2,1,0
BRDA:51,3,0,4
BRDA:58,4,0,0
BRDA:65,5,0,0
BRDA:65,5,1,5
BRDA:75,6,0,2
BRDA:75,6,1,3
BRDA:119,7,0,0
BRDA:119,7,1,1
BRDA:127,8,0,0
BRDA:127,8,1,1
BRDA:137,9,0,0
BRDA:137,9,1,1
BRDA:171,10,0,0
BRDA:171,10,1,0
BRDA:178,11,0,0
BRDA:178,11,1,0
BRDA:189,12,0,0
BRDA:189,12,1,0
BRF:24
BRH:10
end_of_record
TN:
SF:extra_features\emailVerify.js
FN:3,(anonymous_0)
FN:4,(anonymous_1)
FNF:2
FNH:2
FNDA:2,(anonymous_0)
FNDA:2,(anonymous_1)
DA:1,2
DA:3,2
DA:4,2
DA:5,2
DA:7,0
DA:13,2
DA:18,2
DA:20,0
DA:30,2
LF:9
LH:7
BRDA:5,0,0,0
BRDA:5,0,1,2
BRDA:13,1,0,2
BRDA:13,1,1,0
BRDA:13,2,0,2
BRDA:13,2,1,2
BRDA:13,2,2,2
BRDA:13,2,3,2
BRF:8
BRH:6
end_of_record
TN:
SF:middleware\isAdmin.js
FN:3,(anonymous_0)
FNF:1
FNH:0
FNDA:0,(anonymous_0)
DA:1,2
DA:3,2
DA:4,0
DA:5,0
DA:6,0
DA:8,0
LF:6
LH:2
BRDA:4,0,0,0
BRDA:4,0,1,0
BRF:2
BRH:0
end_of_record
TN:
SF:middleware\isVerify.js
FN:5,(anonymous_0)
FNF:1
FNH:0
FNDA:0,(anonymous_0)
DA:1,2
DA:2,2
DA:3,2
DA:5,2
DA:6,0
DA:8,0
DA:9,0
DA:10,0
DA:12,0
DA:13,0
DA:15,0
DA:16,0
DA:20,0
DA:21,0
DA:24,0
DA:28,0
DA:29,0
LF:17
LH:4
BRDA:9,0,0,0
BRDA:9,0,1,0
BRDA:20,1,0,0
BRDA:20,1,1,0
BRF:4
BRH:0
end_of_record
TN:
SF:models\Agency.js
FNF:0
FNH:0
DA:1,2
DA:2,2
DA:22,2
DA:23,2
LF:4
LH:4
BRF:0
BRH:0
end_of_record
TN:
SF:models\Bus.js
FNF:0
FNH:0
DA:1,2
DA:3,2
DA:72,2
DA:73,2
LF:4
LH:4
BRF:0
BRH:0
end_of_record
TN:
SF:models\Location.js
FNF:0
FNH:0
DA:1,2
DA:2,2
DA:16,2
DA:17,2
LF:4
LH:4
BRF:0
BRH:0
end_of_record
TN:
SF:models\Staff.js
FNF:0
FNH:0
DA:1,2
DA:3,2
DA:31,2
DA:32,2
LF:4
LH:4
BRF:0
BRH:0
end_of_record
TN:
SF:models\Ticket.js
FNF:0
FNH:0
DA:1,2
DA:2,2
DA:36,2
DA:37,2
LF:4
LH:4
BRF:0
BRH:0
end_of_record
TN:
SF:models\User.js
FNF:0
FNH:0
DA:1,2
DA:3,2
DA:29,2
DA:30,2
LF:4
LH:4
BRF:0
BRH:0
end_of_record
TN:
SF:routers\Admin.js
FN:25,(anonymous_0)
FNF:1
FNH:1
FNDA:1,(anonymous_0)
DA:1,2
DA:2,2
DA:3,2
DA:4,2
DA:5,2
DA:6,2
DA:7,2
DA:8,2
DA:9,2
DA:20,2
DA:26,1
DA:27,0
DA:30,1
DA:40,2
DA:54,2
DA:66,2
DA:79,2
DA:87,2
DA:105,2
LF:19
LH:18
BRDA:26,0,0,0
BRDA:26,0,1,1
BRF:2
BRH:1
end_of_record
TN:
SF:routers\User.js
FN:15,(anonymous_0)
FNF:1
FNH:1
FNDA:1,(anonymous_0)
DA:1,2
DA:2,2
DA:3,2
DA:4,2
DA:5,2
DA:11,2
DA:16,1
DA:17,0
DA:20,1
DA:28,2
DA:39,2
DA:45,2
LF:12
LH:11
BRDA:16,0,0,0
BRDA:16,0,1,1
BRF:2
BRH:1
end_of_record
